#
# A fatal error has been detected by the Java Runtime Environment:
#
#  EXCEPTION_ACCESS_VIOLATION (0xc0000005) at pc=0x000000006d09aab4, pid=3672, tid=0x0000000000000b60
#
# JRE version: Java(TM) SE Runtime Environment (8.0_161-b12) (build 1.8.0_161-b12)
# Java VM: Java HotSpot(TM) 64-Bit Server VM (25.161-b12 mixed mode windows-amd64 compressed oops)
# Problematic frame:
# C  [sqlite-3.21.0.1-d9e23ad0-885a-45e6-95d3-7ca8dd2faf13-sqlitejdbc.dll+0x1aab4]
#
# Failed to write core dump. Minidumps are not enabled by default on client versions of Windows
#
# If you would like to submit a bug report, please visit:
#   http://bugreport.java.com/bugreport/crash.jsp
# The crash happened outside the Java Virtual Machine in native code.
# See problematic frame for where to report the bug.
#

---------------  T H R E A D  ---------------

Current thread (0x00000000289dc000):  JavaThread "Thread-7" [_thread_in_native, id=2912, stack(0x00000000295a0000,0x00000000296a0000)]

siginfo: ExceptionCode=0xc0000005, reading address 0x0000000000000018

Registers:
RAX=0x0000000000000000, RBX=0x000000000000000d, RCX=0x0000000023d19e98, RDX=0x000000000000000d
RSP=0x000000002969ed40, RBP=0x000000002969ee20, RSI=0x0000000023d19e98, RDI=0x0000000000000371
R8 =0x0000000023d19e98, R9 =0x000000000000000d, R10=0x0000000000000000, R11=0x0000000000000246
R12=0x0000000000000000, R13=0x000000002969ee10, R14=0x000000002969ede0, R15=0x00000000289dc000
RIP=0x000000006d09aab4, EFLAGS=0x0000000000010202

Top of Stack: (sp=0x000000002969ed40)
0x000000002969ed40:   000000001ddc8f60 000000006a57c2c9
0x000000002969ed50:   000000002969f3b8 00000000289dc000
0x000000002969ed60:   000000001dddccda 0000000023d19e98
0x000000002969ed70:   0000000000000108 000000006d09f08e
0x000000002969ed80:   00000000289dc000 000000076d165c90
0x000000002969ed90:   0000000000000108 000000002969ede0
0x000000002969eda0:   00000000297df4d0 000000076d165c90
0x000000002969edb0:   0000000000000108 0000000002bf9507
0x000000002969edc0:   000000002969edd8 000000002969ee28
0x000000002969edd0:   00000000024d7da0 000000000000000d
0x000000002969ede0:   000000076d165c90 000000002969ede8
0x000000002969edf0:   000000002970fc96 000000002969ee40
0x000000002969ee00:   00000000297df4d0 00000000297ed128
0x000000002969ee10:   0000000000000003 0000000000000000
0x000000002969ee20:   000000002969eea0 00000000024d7da0
0x000000002969ee30:   00000000024d7da0 00000000024d7da0 

Instructions: (pc=0x000000006d09aab4)
0x000000006d09aa94:   40 00 66 2e 0f 1f 84 00 00 00 00 00 56 53 48 83
0x000000006d09aaa4:   ec 28 48 85 c9 48 89 ce 48 63 da 74 71 48 8b 01
0x000000006d09aab4:   48 8b 48 18 48 85 c9 74 06 ff 15 2d 25 0b 00 48
0x000000006d09aac4:   8b 86 88 00 00 00 48 85 c0 74 31 0f b7 96 bc 00 


Register to memory mapping:

RAX=0x0000000000000000 is an unknown value
RBX=0x000000000000000d is an unknown value
RCX=0x0000000023d19e98 is an unknown value
RDX=0x000000000000000d is an unknown value
RSP=0x000000002969ed40 is pointing into the stack for thread: 0x00000000289dc000
RBP=0x000000002969ee20 is pointing into the stack for thread: 0x00000000289dc000
RSI=0x0000000023d19e98 is an unknown value
RDI=0x0000000000000371 is an unknown value
R8 =0x0000000023d19e98 is an unknown value
R9 =0x000000000000000d is an unknown value
R10=0x0000000000000000 is an unknown value
R11=0x0000000000000246 is an unknown value
R12=0x0000000000000000 is an unknown value
R13=0x000000002969ee10 is pointing into the stack for thread: 0x00000000289dc000
R14=0x000000002969ede0 is pointing into the stack for thread: 0x00000000289dc000
R15=0x00000000289dc000 is a thread


Stack: [0x00000000295a0000,0x00000000296a0000],  sp=0x000000002969ed40,  free space=1019k
Native frames: (J=compiled Java code, j=interpreted, Vv=VM code, C=native code)
C  [sqlite-3.21.0.1-d9e23ad0-885a-45e6-95d3-7ca8dd2faf13-sqlitejdbc.dll+0x1aab4]
C  [sqlite-3.21.0.1-d9e23ad0-885a-45e6-95d3-7ca8dd2faf13-sqlitejdbc.dll+0x1f08e]
C  0x0000000002bf9507

Java frames: (J=compiled Java code, j=interpreted, Vv=VM code)
J 2277  org.sqlite.core.NativeDB.column_int(JI)I (0 bytes) @ 0x0000000002bf93bb [0x0000000002bf9380+0x3b]
j  org.sqlite.jdbc3.JDBC3ResultSet.getInt(I)I+16
j  org.sqlite.jdbc3.JDBC3ResultSet.getInt(Ljava/lang/String;)I+6
j  com.mmit.integracion.equipos.EquiposDAOImp.readAll()Ljava/util/ArrayList;+193
j  com.mmit.negocio.brackets.BracketSAImp.loadInitBracket()I+8
j  com.mmit.presentacion.comando.bracket.ComandoInicializarBracket.execute(Ljava/lang/Object;)Lcom/mmit/presentacion/controlador/Contexto;+6
j  com.mmit.presentacion.controlador.ControladorImp$1.run()V+30
j  java.lang.Thread.run()V+11
v  ~StubRoutines::call_stub

---------------  P R O C E S S  ---------------

Java Threads: ( => current thread )
=>0x00000000289dc000 JavaThread "Thread-7" [_thread_in_native, id=2912, stack(0x00000000295a0000,0x00000000296a0000)]
  0x000000001de21000 JavaThread "Prism Font Disposer" daemon [_thread_blocked, id=5956, stack(0x0000000025640000,0x0000000025740000)]
  0x000000001dc39800 JavaThread "Thread-3" daemon [_thread_in_native, id=6692, stack(0x0000000022c90000,0x0000000022d90000)]
  0x000000001dc37800 JavaThread "JavaFX-Launcher" [_thread_blocked, id=7944, stack(0x0000000022dd0000,0x0000000022ed0000)]
  0x000000001dbea800 JavaThread "JavaFX Application Thread" [_thread_in_native, id=4728, stack(0x000000001e870000,0x000000001e970000)]
  0x000000001db99800 JavaThread "Thread-1" daemon [_thread_blocked, id=8060, stack(0x000000001e770000,0x000000001e870000)]
  0x000000001db79000 JavaThread "QuantumRenderer-0" daemon [_thread_blocked, id=8124, stack(0x000000001e520000,0x000000001e620000)]
  0x000000001d480800 JavaThread "Service Thread" daemon [_thread_blocked, id=2700, stack(0x000000001d850000,0x000000001d950000)]
  0x000000001bae8000 JavaThread "C1 CompilerThread2" daemon [_thread_blocked, id=6256, stack(0x000000001d350000,0x000000001d450000)]
  0x000000001bae1000 JavaThread "C2 CompilerThread1" daemon [_thread_blocked, id=6300, stack(0x000000001d250000,0x000000001d350000)]
  0x000000001badd800 JavaThread "C2 CompilerThread0" daemon [_thread_blocked, id=3652, stack(0x000000001d150000,0x000000001d250000)]
  0x000000001badc000 JavaThread "Attach Listener" daemon [_thread_blocked, id=3800, stack(0x000000001d050000,0x000000001d150000)]
  0x000000001bada000 JavaThread "Signal Dispatcher" daemon [_thread_blocked, id=3360, stack(0x000000001cf50000,0x000000001d050000)]
  0x000000001baca800 JavaThread "Finalizer" daemon [_thread_blocked, id=4544, stack(0x000000001cd50000,0x000000001ce50000)]
  0x00000000024c0800 JavaThread "Reference Handler" daemon [_thread_blocked, id=2768, stack(0x000000001cc50000,0x000000001cd50000)]
  0x00000000023d1800 JavaThread "main" [_thread_blocked, id=892, stack(0x0000000002220000,0x0000000002320000)]

Other Threads:
  0x000000001baa7000 VMThread [stack: 0x000000001cb50000,0x000000001cc50000] [id=7372]
  0x000000001d49c800 WatcherThread [stack: 0x000000001da50000,0x000000001db50000] [id=7728]

VM state:not at safepoint (normal execution)

VM Mutex/Monitor currently owned by a thread: None

Heap:
 PSYoungGen      total 76288K, used 45334K [0x000000076b180000, 0x0000000770680000, 0x00000007c0000000)
  eden space 65536K, 53% used [0x000000076b180000,0x000000076d3c7d90,0x000000076f180000)
  from space 10752K, 95% used [0x000000076f180000,0x000000076fb7dce0,0x000000076fc00000)
  to   space 10752K, 0% used [0x000000076fc00000,0x000000076fc00000,0x0000000770680000)
 ParOldGen       total 175104K, used 2360K [0x00000006c1400000, 0x00000006cbf00000, 0x000000076b180000)
  object space 175104K, 1% used [0x00000006c1400000,0x00000006c164e030,0x00000006cbf00000)
 Metaspace       used 17631K, capacity 18376K, committed 18688K, reserved 1064960K
  class space    used 2308K, capacity 2527K, committed 2560K, reserved 1048576K

Card table byte_map: [0x0000000011890000,0x0000000012090000] byte_map_base: 0x000000000e286000

Marking Bits: (ParMarkBitMap*) 0x000000006ab6f860
 Begin Bits: [0x00000000129e0000, 0x0000000016990000)
 End Bits:   [0x0000000016990000, 0x000000001a940000)

Polling page: 0x0000000000910000

CodeCache: size=245760Kb used=7550Kb max_used=7550Kb free=238209Kb
 bounds [0x00000000024d0000, 0x0000000002c40000, 0x00000000114d0000]
 total_blobs=3023 nmethods=2365 adapters=569
 compilation: enabled

Compilation events (10 events):
Event: 3.747 Thread 0x000000001bae8000 nmethod 2267 0x0000000002bf4850 code [0x0000000002bf49e0, 0x0000000002bf4de8]
Event: 3.779 Thread 0x000000001bae8000 2268       3       java.lang.String::<init> (38 bytes)
Event: 3.779 Thread 0x000000001bae1000 2269   !   4       java.util.WeakHashMap::expungeStaleEntries (139 bytes)
Event: 3.780 Thread 0x000000001bae8000 nmethod 2268 0x0000000002bfa110 code [0x0000000002bfa2a0, 0x0000000002bfa608]
Event: 3.780 Thread 0x000000001bae1000 nmethod 2269 0x0000000002bf7110 code [0x0000000002bf7240, 0x0000000002bf72d8]
Event: 3.780 Thread 0x000000001bae8000 2270       3       java.lang.Double::valueOf (9 bytes)
Event: 3.780 Thread 0x000000001bae8000 nmethod 2270 0x0000000002bf9bd0 code [0x0000000002bf9d40, 0x0000000002bf9fd0]
Event: 3.780 Thread 0x000000001bae8000 2271       3       org.sqlite.core.CoreResultSet::checkOpen (18 bytes)
Event: 3.780 Thread 0x000000001bae8000 nmethod 2271 0x0000000002bf9710 code [0x0000000002bf9880, 0x0000000002bf9ae8]
Event: 3.780 Thread 0x000000001bae8000 2273       3       org.sqlite.jdbc3.JDBC3ResultSet::findColumn (90 bytes)

GC Heap History (2 events):
Event: 3.457 GC heap before
{Heap before GC invocations=1 (full 0):
 PSYoungGen      total 76288K, used 65536K [0x000000076b180000, 0x0000000770680000, 0x00000007c0000000)
  eden space 65536K, 100% used [0x000000076b180000,0x000000076f180000,0x000000076f180000)
  from space 10752K, 0% used [0x000000076fc00000,0x000000076fc00000,0x0000000770680000)
  to   space 10752K, 0% used [0x000000076f180000,0x000000076f180000,0x000000076fc00000)
 ParOldGen       total 175104K, used 0K [0x00000006c1400000, 0x00000006cbf00000, 0x000000076b180000)
  object space 175104K, 0% used [0x00000006c1400000,0x00000006c1400000,0x00000006cbf00000)
 Metaspace       used 15834K, capacity 16508K, committed 16768K, reserved 1062912K
  class space    used 2124K, capacity 2333K, committed 2432K, reserved 1048576K
Event: 3.462 GC heap after
Heap after GC invocations=1 (full 0):
 PSYoungGen      total 76288K, used 10231K [0x000000076b180000, 0x0000000770680000, 0x00000007c0000000)
  eden space 65536K, 0% used [0x000000076b180000,0x000000076b180000,0x000000076f180000)
  from space 10752K, 95% used [0x000000076f180000,0x000000076fb7dce0,0x000000076fc00000)
  to   space 10752K, 0% used [0x000000076fc00000,0x000000076fc00000,0x0000000770680000)
 ParOldGen       total 175104K, used 2360K [0x00000006c1400000, 0x00000006cbf00000, 0x000000076b180000)
  object space 175104K, 1% used [0x00000006c1400000,0x00000006c164e030,0x00000006cbf00000)
 Metaspace       used 15834K, capacity 16508K, committed 16768K, reserved 1062912K
  class space    used 2124K, capacity 2333K, committed 2432K, reserved 1048576K
}

Deoptimization events (10 events):
Event: 3.503 Thread 0x00000000289dc000 Uncommon trap: reason=unstable_if action=reinterpret pc=0x0000000002733b14 method=java.lang.AbstractStringBuilder.append(Ljava/lang/String;)Ljava/lang/AbstractStringBuilder; @ 1
Event: 3.540 Thread 0x00000000289dc000 Uncommon trap: reason=unstable_if action=reinterpret pc=0x0000000002796378 method=java.lang.String.indexOf([CII[CIII)I @ 3
Event: 3.544 Thread 0x00000000289dc000 Uncommon trap: reason=class_check action=maybe_recompile pc=0x000000000286fd54 method=java.util.HashMap.putVal(ILjava/lang/Object;Ljava/lang/Object;ZZ)Ljava/lang/Object; @ 253
Event: 3.544 Thread 0x00000000289dc000 Uncommon trap: reason=class_check action=maybe_recompile pc=0x000000000286fd54 method=java.util.HashMap.putVal(ILjava/lang/Object;Ljava/lang/Object;ZZ)Ljava/lang/Object; @ 253
Event: 3.544 Thread 0x00000000289dc000 Uncommon trap: reason=class_check action=maybe_recompile pc=0x000000000286fd54 method=java.util.HashMap.putVal(ILjava/lang/Object;Ljava/lang/Object;ZZ)Ljava/lang/Object; @ 253
Event: 3.544 Thread 0x00000000289dc000 Uncommon trap: reason=class_check action=maybe_recompile pc=0x000000000286fd54 method=java.util.HashMap.putVal(ILjava/lang/Object;Ljava/lang/Object;ZZ)Ljava/lang/Object; @ 253
Event: 3.544 Thread 0x00000000289dc000 Uncommon trap: reason=class_check action=maybe_recompile pc=0x00000000028714f8 method=java.util.HashMap.putVal(ILjava/lang/Object;Ljava/lang/Object;ZZ)Ljava/lang/Object; @ 253
Event: 3.628 Thread 0x0000000028f78800 Uncommon trap: reason=class_check action=maybe_recompile pc=0x0000000002ab4534 method=java.util.Arrays.equals([Ljava/lang/Object;[Ljava/lang/Object;)Z @ 62
Event: 3.768 Thread 0x00000000289dc000 Uncommon trap: reason=unstable_if action=reinterpret pc=0x0000000002bfb04c method=org.sqlite.SQLiteJDBCLoader.contentsEquals(Ljava/io/InputStream;Ljava/io/InputStream;)Z @ 39
Event: 3.781 Thread 0x0000000028f78800 Uncommon trap: reason=unstable_if action=reinterpret pc=0x00000000026fe8c4 method=sun.nio.cs.UTF_8$Decoder.decode([BII[C)I @ 30

Classes redefined (0 events):
No events

Internal exceptions (10 events):
Event: 0.303 Thread 0x000000001dbea800 Exception <a 'java/lang/NullPointerException'> (0x000000076c2feb28) thrown at [C:\re\workspace\8-2-build-windows-amd64-cygwin\jdk8u161\10277\hotspot\src\share\vm\prims\jvm.cpp, line 1394]
Event: 0.341 Thread 0x000000001dbea800 Exception <a 'java/lang/ArrayIndexOutOfBoundsException'> (0x000000076c5e8a30) thrown at [C:\re\workspace\8-2-build-windows-amd64-cygwin\jdk8u161\10277\hotspot\src\share\vm\runtime\sharedRuntime.cpp, line 605]
Event: 0.341 Thread 0x000000001dbea800 Exception <a 'java/lang/ArrayIndexOutOfBoundsException'> (0x000000076c5e9598) thrown at [C:\re\workspace\8-2-build-windows-amd64-cygwin\jdk8u161\10277\hotspot\src\share\vm\runtime\sharedRuntime.cpp, line 605]
Event: 0.341 Thread 0x000000001dbea800 Exception <a 'java/lang/ArrayIndexOutOfBoundsException'> (0x000000076c5ea940) thrown at [C:\re\workspace\8-2-build-windows-amd64-cygwin\jdk8u161\10277\hotspot\src\share\vm\runtime\sharedRuntime.cpp, line 605]
Event: 0.345 Thread 0x000000001dbea800 Exception <a 'java/lang/ArrayIndexOutOfBoundsException'> (0x000000076c687978) thrown at [C:\re\workspace\8-2-build-windows-amd64-cygwin\jdk8u161\10277\hotspot\src\share\vm\runtime\sharedRuntime.cpp, line 605]
Event: 0.394 Thread 0x000000001dbea800 Exception <a 'java/lang/ArrayIndexOutOfBoundsException'> (0x000000076ca28ba0) thrown at [C:\re\workspace\8-2-build-windows-amd64-cygwin\jdk8u161\10277\hotspot\src\share\vm\runtime\sharedRuntime.cpp, line 605]
Event: 0.398 Thread 0x000000001dbea800 Exception <a 'java/lang/ArrayIndexOutOfBoundsException'> (0x000000076ca65e88) thrown at [C:\re\workspace\8-2-build-windows-amd64-cygwin\jdk8u161\10277\hotspot\src\share\vm\runtime\sharedRuntime.cpp, line 605]
Event: 0.454 Thread 0x000000001dbea800 Exception <a 'java/lang/ArrayIndexOutOfBoundsException'> (0x000000076cdb70e0) thrown at [C:\re\workspace\8-2-build-windows-amd64-cygwin\jdk8u161\10277\hotspot\src\share\vm\runtime\sharedRuntime.cpp, line 605]
Event: 0.493 Thread 0x000000001dbea800 Implicit null exception at 0x00000000027e5cb5 to 0x00000000027e5ee5
Event: 3.503 Thread 0x00000000289dc000 Implicit null exception at 0x0000000002733756 to 0x0000000002733afd

Events (10 events):
Event: 3.777 loading class org/sqlite/jdbc3/JDBC3PreparedStatement done
Event: 3.777 loading class org/sqlite/core/CorePreparedStatement
Event: 3.777 loading class org/sqlite/core/CorePreparedStatement done
Event: 3.778 loading class java/sql/Date
Event: 3.778 loading class java/sql/Date done
Event: 3.779 loading class com/mmit/negocio/equipos/EquipoTrans
Event: 3.779 loading class com/mmit/negocio/equipos/EquipoTrans done
Event: 3.781 Thread 0x0000000028f78800 Uncommon trap: trap_request=0xffffff65 fr.pc=0x00000000026fe8c4
Event: 3.781 Thread 0x0000000028f78800 DEOPT PACKING pc=0x00000000026fe8c4 sp=0x000000002999e880
Event: 3.781 Thread 0x0000000028f78800 DEOPT UNPACKING pc=0x000000000251583b sp=0x000000002999e7d8 mode 2


Dynamic libraries:
0x00007ff7ea9b0000 - 0x00007ff7ea9e7000 	D:\Program Files (x86)\jdk1.8.0_161\jre\bin\java.exe
0x00007ffade430000 - 0x00007ffade5f1000 	C:\Windows\SYSTEM32\ntdll.dll
0x00007ffadb8d0000 - 0x00007ffadb97d000 	C:\Windows\system32\KERNEL32.DLL
0x00007ffadb3a0000 - 0x00007ffadb588000 	C:\Windows\system32\KERNELBASE.dll
0x00007ffadc530000 - 0x00007ffadc5d7000 	C:\Windows\system32\ADVAPI32.dll
0x00007ffadb830000 - 0x00007ffadb8cd000 	C:\Windows\system32\msvcrt.dll
0x00007ffaddc60000 - 0x00007ffaddcbb000 	C:\Windows\system32\sechost.dll
0x00007ffadc5e0000 - 0x00007ffadc6fc000 	C:\Windows\system32\RPCRT4.dll
0x00007ffadbac0000 - 0x00007ffadbc16000 	C:\Windows\system32\USER32.dll
0x00007ffadc240000 - 0x00007ffadc3c6000 	C:\Windows\system32\GDI32.dll
0x00007ffacfb80000 - 0x00007ffacfdf4000 	C:\Windows\WinSxS\amd64_microsoft.windows.common-controls_6595b64144ccf1df_6.0.10586.0_none_8c15ae12515e1c22\COMCTL32.dll
0x00007ffade060000 - 0x00007ffade2dd000 	C:\Windows\system32\combase.dll
0x00007ffadaae0000 - 0x00007ffadab4a000 	C:\Windows\system32\bcryptPrimitives.dll
0x00007ffadbdd0000 - 0x00007ffadbe0b000 	C:\Windows\system32\IMM32.DLL
0x000000006a270000 - 0x000000006a342000 	D:\Program Files (x86)\jdk1.8.0_161\jre\bin\msvcr100.dll
0x000000006a350000 - 0x000000006abef000 	D:\Program Files (x86)\jdk1.8.0_161\jre\bin\server\jvm.dll
0x00007ffadbaa0000 - 0x00007ffadbaa8000 	C:\Windows\system32\PSAPI.DLL
0x00007ffad89e0000 - 0x00007ffad89e9000 	C:\Windows\SYSTEM32\WSOCK32.dll
0x00007ffad8cc0000 - 0x00007ffad8ce3000 	C:\Windows\SYSTEM32\WINMM.dll
0x00007ffad5620000 - 0x00007ffad562a000 	C:\Windows\SYSTEM32\VERSION.dll
0x00007ffaddd70000 - 0x00007ffaddddb000 	C:\Windows\system32\WS2_32.dll
0x00000000021d0000 - 0x00000000021fc000 	C:\Windows\SYSTEM32\WINMMBASE.dll
0x00007ffadab50000 - 0x00007ffadab93000 	C:\Windows\system32\cfgmgr32.dll
0x000000006a220000 - 0x000000006a22f000 	D:\Program Files (x86)\jdk1.8.0_161\jre\bin\verify.dll
0x000000006a1f0000 - 0x000000006a219000 	D:\Program Files (x86)\jdk1.8.0_161\jre\bin\java.dll
0x000000006a1d0000 - 0x000000006a1e6000 	D:\Program Files (x86)\jdk1.8.0_161\jre\bin\zip.dll
0x00007ffadc700000 - 0x00007ffaddc5f000 	C:\Windows\system32\SHELL32.dll
0x00007ffadad50000 - 0x00007ffadb394000 	C:\Windows\system32\windows.storage.dll
0x00007ffaddf90000 - 0x00007ffaddfe2000 	C:\Windows\system32\shlwapi.dll
0x00007ffadaaa0000 - 0x00007ffadaaaf000 	C:\Windows\system32\kernel.appcore.dll
0x00007ffadaba0000 - 0x00007ffadac55000 	C:\Windows\system32\shcore.dll
0x00007ffadaa50000 - 0x00007ffadaa9b000 	C:\Windows\system32\powrprof.dll
0x00007ffadaab0000 - 0x00007ffadaac4000 	C:\Windows\system32\profapi.dll
0x0000000002200000 - 0x0000000002203000 	D:\Program Files (x86)\jdk1.8.0_161\jre\bin\api-ms-win-core-console-l1-1-0.dll
0x0000000002320000 - 0x0000000002323000 	D:\Program Files (x86)\jdk1.8.0_161\jre\bin\api-ms-win-core-datetime-l1-1-0.dll
0x0000000002330000 - 0x0000000002333000 	D:\Program Files (x86)\jdk1.8.0_161\jre\bin\api-ms-win-core-debug-l1-1-0.dll
0x0000000002340000 - 0x0000000002343000 	D:\Program Files (x86)\jdk1.8.0_161\jre\bin\api-ms-win-core-errorhandling-l1-1-0.dll
0x0000000002350000 - 0x0000000002354000 	D:\Program Files (x86)\jdk1.8.0_161\jre\bin\api-ms-win-core-file-l1-1-0.dll
0x0000000002360000 - 0x0000000002363000 	D:\Program Files (x86)\jdk1.8.0_161\jre\bin\api-ms-win-core-file-l1-2-0.dll
0x0000000002370000 - 0x0000000002373000 	D:\Program Files (x86)\jdk1.8.0_161\jre\bin\api-ms-win-core-file-l2-1-0.dll
0x0000000002380000 - 0x0000000002383000 	D:\Program Files (x86)\jdk1.8.0_161\jre\bin\api-ms-win-core-handle-l1-1-0.dll
0x0000000002390000 - 0x0000000002393000 	D:\Program Files (x86)\jdk1.8.0_161\jre\bin\api-ms-win-core-heap-l1-1-0.dll
0x00000000023a0000 - 0x00000000023a3000 	D:\Program Files (x86)\jdk1.8.0_161\jre\bin\api-ms-win-core-interlocked-l1-1-0.dll
0x00000000023b0000 - 0x00000000023b3000 	D:\Program Files (x86)\jdk1.8.0_161\jre\bin\api-ms-win-core-libraryloader-l1-1-0.dll
0x000000001e350000 - 0x000000001e353000 	D:\Program Files (x86)\jdk1.8.0_161\jre\bin\api-ms-win-core-localization-l1-2-0.dll
0x000000001e360000 - 0x000000001e363000 	D:\Program Files (x86)\jdk1.8.0_161\jre\bin\api-ms-win-core-memory-l1-1-0.dll
0x000000001e370000 - 0x000000001e373000 	D:\Program Files (x86)\jdk1.8.0_161\jre\bin\api-ms-win-core-namedpipe-l1-1-0.dll
0x000000001e380000 - 0x000000001e383000 	D:\Program Files (x86)\jdk1.8.0_161\jre\bin\api-ms-win-core-processenvironment-l1-1-0.dll
0x000000001e390000 - 0x000000001e393000 	D:\Program Files (x86)\jdk1.8.0_161\jre\bin\api-ms-win-core-processthreads-l1-1-0.dll
0x000000001e3a0000 - 0x000000001e3a3000 	D:\Program Files (x86)\jdk1.8.0_161\jre\bin\api-ms-win-core-processthreads-l1-1-1.dll
0x000000001e3b0000 - 0x000000001e3b3000 	D:\Program Files (x86)\jdk1.8.0_161\jre\bin\api-ms-win-core-profile-l1-1-0.dll
0x000000001e3c0000 - 0x000000001e3c3000 	D:\Program Files (x86)\jdk1.8.0_161\jre\bin\api-ms-win-core-rtlsupport-l1-1-0.dll
0x000000001e3d0000 - 0x000000001e3d3000 	D:\Program Files (x86)\jdk1.8.0_161\jre\bin\api-ms-win-core-string-l1-1-0.dll
0x000000001e3e0000 - 0x000000001e3e3000 	D:\Program Files (x86)\jdk1.8.0_161\jre\bin\api-ms-win-core-synch-l1-1-0.dll
0x000000001e3f0000 - 0x000000001e3f3000 	D:\Program Files (x86)\jdk1.8.0_161\jre\bin\api-ms-win-core-synch-l1-2-0.dll
0x000000001e400000 - 0x000000001e403000 	D:\Program Files (x86)\jdk1.8.0_161\jre\bin\api-ms-win-core-sysinfo-l1-1-0.dll
0x000000001e410000 - 0x000000001e413000 	D:\Program Files (x86)\jdk1.8.0_161\jre\bin\api-ms-win-core-timezone-l1-1-0.dll
0x000000001e420000 - 0x000000001e423000 	D:\Program Files (x86)\jdk1.8.0_161\jre\bin\api-ms-win-core-util-l1-1-0.dll
0x000000001e430000 - 0x000000001e433000 	D:\Program Files (x86)\jdk1.8.0_161\jre\bin\api-ms-win-crt-conio-l1-1-0.dll
0x000000001e440000 - 0x000000001e444000 	D:\Program Files (x86)\jdk1.8.0_161\jre\bin\api-ms-win-crt-convert-l1-1-0.dll
0x000000001e450000 - 0x000000001e453000 	D:\Program Files (x86)\jdk1.8.0_161\jre\bin\api-ms-win-crt-environment-l1-1-0.dll
0x000000001e460000 - 0x000000001e463000 	D:\Program Files (x86)\jdk1.8.0_161\jre\bin\api-ms-win-crt-filesystem-l1-1-0.dll
0x000000001e470000 - 0x000000001e473000 	D:\Program Files (x86)\jdk1.8.0_161\jre\bin\api-ms-win-crt-heap-l1-1-0.dll
0x000000001e480000 - 0x000000001e483000 	D:\Program Files (x86)\jdk1.8.0_161\jre\bin\api-ms-win-crt-locale-l1-1-0.dll
0x000000001e490000 - 0x000000001e495000 	D:\Program Files (x86)\jdk1.8.0_161\jre\bin\api-ms-win-crt-math-l1-1-0.dll
0x000000001e4a0000 - 0x000000001e4a5000 	D:\Program Files (x86)\jdk1.8.0_161\jre\bin\api-ms-win-crt-multibyte-l1-1-0.dll
0x000000001e4b0000 - 0x000000001e4c0000 	D:\Program Files (x86)\jdk1.8.0_161\jre\bin\api-ms-win-crt-private-l1-1-0.dll
0x000000001e4c0000 - 0x000000001e4c3000 	D:\Program Files (x86)\jdk1.8.0_161\jre\bin\api-ms-win-crt-process-l1-1-0.dll
0x000000001e4d0000 - 0x000000001e4d4000 	D:\Program Files (x86)\jdk1.8.0_161\jre\bin\api-ms-win-crt-runtime-l1-1-0.dll
0x000000001e4e0000 - 0x000000001e4e4000 	D:\Program Files (x86)\jdk1.8.0_161\jre\bin\api-ms-win-crt-stdio-l1-1-0.dll
0x000000001e4f0000 - 0x000000001e4f4000 	D:\Program Files (x86)\jdk1.8.0_161\jre\bin\api-ms-win-crt-string-l1-1-0.dll
0x000000001e500000 - 0x000000001e503000 	D:\Program Files (x86)\jdk1.8.0_161\jre\bin\api-ms-win-crt-time-l1-1-0.dll
0x000000001e510000 - 0x000000001e513000 	D:\Program Files (x86)\jdk1.8.0_161\jre\bin\api-ms-win-crt-utility-l1-1-0.dll
0x00007ffac89f0000 - 0x00007ffac8ae6000 	D:\Program Files (x86)\jdk1.8.0_161\jre\bin\ucrtbase.dll
0x00007ffad2040000 - 0x00007ffad2091000 	D:\Program Files (x86)\jdk1.8.0_161\jre\bin\concrt140.dll
0x00007ffac87b0000 - 0x00007ffac884c000 	D:\Program Files (x86)\jdk1.8.0_161\jre\bin\MSVCP140.dll
0x00007ffac9cd0000 - 0x00007ffac9ce6000 	D:\Program Files (x86)\jdk1.8.0_161\jre\bin\VCRUNTIME140.dll
0x00007ffad9bf0000 - 0x00007ffad9ce4000 	C:\Windows\SYSTEM32\ucrtbase.dll
0x0000000067bd0000 - 0x0000000067bf3000 	D:\Program Files (x86)\jdk1.8.0_161\jre\bin\prism_d3d.dll
0x00007ffab0bb0000 - 0x00007ffab0dc0000 	C:\Windows\system32\d3d9.dll
0x00007ffad88b0000 - 0x00007ffad88d2000 	C:\Windows\SYSTEM32\dwmapi.dll
0x00007ffad94b0000 - 0x00007ffad9546000 	C:\Windows\system32\uxtheme.dll
0x00007ffaa66c0000 - 0x00007ffaa7896000 	C:\Windows\SYSTEM32\nvd3dumx.dll
0x0000000067b80000 - 0x0000000067bc9000 	D:\Program Files (x86)\jdk1.8.0_161\jre\bin\glass.dll
0x00007ffadb990000 - 0x00007ffadba9b000 	C:\Windows\system32\COMDLG32.dll
0x00007ffadacc0000 - 0x00007ffadad46000 	C:\Windows\system32\FirewallAPI.dll
0x00007ffadb810000 - 0x00007ffadb827000 	C:\Windows\system32\NETAPI32.dll
0x00007ffade2e0000 - 0x00007ffade423000 	C:\Windows\system32\ole32.dll
0x00007ffaddec0000 - 0x00007ffaddf81000 	C:\Windows\system32\OLEAUT32.dll
0x00007ffacfe30000 - 0x00007ffacfe3c000 	C:\Windows\SYSTEM32\DAVHLPR.DLL
0x00007ffad97d0000 - 0x00007ffad9802000 	C:\Windows\SYSTEM32\fwbase.dll
0x00007ffadc3d0000 - 0x00007ffadc52a000 	C:\Windows\system32\MSCTF.dll
0x00007ffad4890000 - 0x00007ffad497b000 	C:\Program Files (x86)\NVIDIA Corporation\3D Vision\nvSCPAPI64.dll
0x00007ffadbe10000 - 0x00007ffadc239000 	C:\Windows\system32\SETUPAPI.dll
0x0000000067b60000 - 0x0000000067b74000 	D:\Program Files (x86)\jdk1.8.0_161\jre\bin\javafx_font.dll
0x00007ffac6d10000 - 0x00007ffac6f70000 	C:\Windows\SYSTEM32\dwrite.dll
0x00007ffaddcc0000 - 0x00007ffaddd67000 	C:\Windows\system32\clbcatq.dll
0x00007ffad7800000 - 0x00007ffad79b1000 	C:\Windows\SYSTEM32\WindowsCodecs.dll
0x00007ffacb130000 - 0x00007ffacb17a000 	C:\Windows\system32\dataexchange.dll
0x00007ffad8fb0000 - 0x00007ffad9093000 	C:\Windows\system32\dcomp.dll
0x00007ffad8440000 - 0x00007ffad86e8000 	C:\Windows\system32\d3d11.dll
0x00007ffad8320000 - 0x00007ffad83c2000 	C:\Windows\system32\dxgi.dll
0x00007ffad9570000 - 0x00007ffad9670000 	C:\Windows\system32\twinapi.appcore.dll
0x00007ffada980000 - 0x00007ffada9a9000 	C:\Windows\system32\bcrypt.dll
0x00007ffac8770000 - 0x00007ffac87a4000 	C:\Program Files\Common Files\Microsoft Shared\Ink\rtscom.dll
0x0000000067b40000 - 0x0000000067b52000 	D:\Program Files (x86)\jdk1.8.0_161\jre\bin\prism_common.dll
0x00007ffada430000 - 0x00007ffada447000 	C:\Windows\SYSTEM32\CRYPTSP.dll
0x00007ffada060000 - 0x00007ffada094000 	C:\Windows\system32\rsaenh.dll
0x00007ffada1b0000 - 0x00007ffada1cf000 	C:\Windows\SYSTEM32\USERENV.dll
0x00007ffada550000 - 0x00007ffada55b000 	C:\Windows\SYSTEM32\CRYPTBASE.dll
0x000000006a1b0000 - 0x000000006a1ca000 	D:\Program Files (x86)\jdk1.8.0_161\jre\bin\net.dll
0x00007ffada380000 - 0x00007ffada3dc000 	C:\Windows\system32\mswsock.dll
0x00007ffad4e00000 - 0x00007ffad4e38000 	C:\Windows\SYSTEM32\IPHLPAPI.DLL
0x00007ffadbab0000 - 0x00007ffadbab8000 	C:\Windows\system32\NSI.dll
0x00007ffad4d60000 - 0x00007ffad4d76000 	C:\Windows\SYSTEM32\dhcpcsvc6.DLL
0x00007ffad4d20000 - 0x00007ffad4d3a000 	C:\Windows\SYSTEM32\dhcpcsvc.DLL
0x000000006a190000 - 0x000000006a1a1000 	D:\Program Files (x86)\jdk1.8.0_161\jre\bin\nio.dll
0x000000006d080000 - 0x000000006d175000 	C:\Users\Eduardo\AppData\Local\Temp\sqlite-3.21.0.1-d9e23ad0-885a-45e6-95d3-7ca8dd2faf13-sqlitejdbc.dll
0x00007ffac7d40000 - 0x00007ffac7ecc000 	C:\Windows\SYSTEM32\dbghelp.dll

VM Arguments:
java_command: D:\Universidad\GPS\MMIT\MMIT\MMIT\target/MMIT-1.0-SNAPSHOT.jar
java_class_path (initial): D:\Universidad\GPS\MMIT\MMIT\MMIT\target/MMIT-1.0-SNAPSHOT.jar
Launcher Type: SUN_STANDARD

Environment Variables:
JAVA_HOME=D:\Program Files (x86)\jdk1.8.0_161
PATH=C:\ProgramData\Oracle\Java\javapath;C:\Windows\system32;C:\Windows;C:\Windows\System32\Wbem;D:\Programas\Maven\bin;C:\Users\Eduardo\AppData\Local\GitHubDesktop\bin
USERNAME=Eduardo
OS=Windows_NT
PROCESSOR_IDENTIFIER=Intel64 Family 6 Model 60 Stepping 3, GenuineIntel



---------------  S Y S T E M  ---------------

OS: Windows 10.0 , 64 bit Build 10586 (10.0.10586.0)

CPU:total 4 (initial active 4) (4 cores per cpu, 1 threads per core) family 6 model 60 stepping 3, cmov, cx8, fxsr, mmx, sse, sse2, sse3, ssse3, sse4.1, sse4.2, popcnt, avx, avx2, aes, clmul, erms, lzcnt, tsc, tscinvbit, bmi1, bmi2

Memory: 4k page, physical 16690076k(11157712k free), swap 19180444k(12181408k free)

vm_info: Java HotSpot(TM) 64-Bit Server VM (25.161-b12) for windows-amd64 JRE (1.8.0_161-b12), built on Dec 19 2017 17:52:25 by "java_re" with MS VC++ 10.0 (VS2010)

time: Sat Apr 28 12:48:36 2018
elapsed time: 3 seconds (0d 0h 0m 3s)

